<?xml version="1.0" encoding="UTF-8"?>
<coverage generated="1651642684428" clover="3.2.0">
  <project timestamp="1651642684428" name="All files">
    <metrics statements="8" coveredstatements="8" conditionals="0" coveredconditionals="0" methods="2" coveredmethods="2" elements="10" coveredelements="10" complexity="0" loc="8" ncloc="8" packages="1" files="3" classes="3"/>
    <file name="calc.ts" path="/home/joni/Desktop/typescript-jest-example/jest-test/src/calc.ts">
      <metrics statements="4" coveredstatements="4" conditionals="0" coveredconditionals="0" methods="2" coveredmethods="2"/>
      <line num="1" count="1" type="stmt"/>
      <line num="2" count="2" type="stmt"/>
      <line num="4" count="1" type="stmt"/>
      <line num="5" count="2" type="stmt"/>
    </file>
    <file name="toMatch.ts" path="/home/joni/Desktop/typescript-jest-example/jest-test/src/toMatch.ts">
      <metrics statements="1" coveredstatements="1" conditionals="0" coveredconditionals="0" methods="0" coveredmethods="0"/>
      <line num="1" count="1" type="stmt"/>
    </file>
    <file name="toMatchObject.ts" path="/home/joni/Desktop/typescript-jest-example/jest-test/src/toMatchObject.ts">
      <metrics statements="3" coveredstatements="3" conditionals="0" coveredconditionals="0" methods="0" coveredmethods="0"/>
      <line num="1" count="1" type="stmt"/>
      <line num="7" count="1" type="stmt"/>
      <line num="13" count="1" type="stmt"/>
    </file>
  </project>
</coverage>
