{"/home/joni/Desktop/typescript-jest-example/jest-test/src/calc.ts": {"path":"/home/joni/Desktop/typescript-jest-example/jest-test/src/calc.ts","statementMap":{"0":{"start":{"line":2,"column":4},"end":{"line":2,"column":15}},"1":{"start":{"line":1,"column":0},"end":{"line":1,"column":16}},"2":{"start":{"line":5,"column":4},"end":{"line":5,"column":15}},"3":{"start":{"line":4,"column":0},"end":{"line":4,"column":16}}},"fnMap":{"0":{"name":"add","decl":{"start":{"line":1,"column":16},"end":{"line":1,"column":19}},"loc":{"start":{"line":1,"column":38},"end":{"line":3,"column":1}}},"1":{"name":"divide","decl":{"start":{"line":4,"column":16},"end":{"line":4,"column":22}},"loc":{"start":{"line":4,"column":41},"end":{"line":6,"column":1}}}},"branchMap":{},"s":{"0":2,"1":1,"2":2,"3":1},"f":{"0":2,"1":2},"b":{}}
,"/home/joni/Desktop/typescript-jest-example/jest-test/src/toMatch.ts": {"path":"/home/joni/Desktop/typescript-jest-example/jest-test/src/toMatch.ts","statementMap":{"0":{"start":{"line":1,"column":13},"end":{"line":5,"column":6}}},"fnMap":{},"branchMap":{},"s":{"0":1},"f":{},"b":{}}
,"/home/joni/Desktop/typescript-jest-example/jest-test/src/toMatchObject.ts": {"path":"/home/joni/Desktop/typescript-jest-example/jest-test/src/toMatchObject.ts","statementMap":{"0":{"start":{"line":1,"column":13},"end":{"line":5,"column":null}},"1":{"start":{"line":7,"column":13},"end":{"line":11,"column":null}},"2":{"start":{"line":13,"column":13},"end":{"line":17,"column":null}}},"fnMap":{},"branchMap":{},"s":{"0":1,"1":1,"2":1},"f":{},"b":{}}
}
